Unity Editor version:    2022.3.62f2 (7670c08855a9)
Branch:                  2022.3/respin/2022.3.62f2-4af31df585-v2
Build type:              Release
Batch mode:              YES
macOS version:           Version 14.6.1 (Build 23G93)
Darwin version:          23.6.0
Architecture:            arm64
Running under Rosetta:   NO
Available memory:        16384 MB
Using pre-set license
Pro License: YES

COMMAND LINE ARGUMENTS:
/Applications/Unity/Hub/Editor/2022.3.62f2/Unity.app/Contents/MacOS/Unity
-adb2
-batchMode
-noUpm
-name
AssetImportWorker1
-projectPath
/Users/nigelmorris/Documents/GitHub/Show-2026
-logFile
Logs/AssetImportWorker1.log
-srvPort
58723
Successfully changed project path to: /Users/nigelmorris/Documents/GitHub/Show-2026
/Users/nigelmorris/Documents/GitHub/Show-2026
[UnityMemory] Configuration Parameters - Can be set up in boot.config
    "memorysetup-bucket-allocator-granularity=16"
    "memorysetup-bucket-allocator-bucket-count=8"
    "memorysetup-bucket-allocator-block-size=33554432"
    "memorysetup-bucket-allocator-block-count=8"
    "memorysetup-main-allocator-block-size=16777216"
    "memorysetup-thread-allocator-block-size=16777216"
    "memorysetup-gfx-main-allocator-block-size=16777216"
    "memorysetup-gfx-thread-allocator-block-size=16777216"
    "memorysetup-cache-allocator-block-size=4194304"
    "memorysetup-typetree-allocator-block-size=2097152"
    "memorysetup-profiler-bucket-allocator-granularity=16"
    "memorysetup-profiler-bucket-allocator-bucket-count=8"
    "memorysetup-profiler-bucket-allocator-block-size=33554432"
    "memorysetup-profiler-bucket-allocator-block-count=8"
    "memorysetup-profiler-allocator-block-size=16777216"
    "memorysetup-profiler-editor-allocator-block-size=1048576"
    "memorysetup-temp-allocator-size-main=16777216"
    "memorysetup-job-temp-allocator-block-size=2097152"
    "memorysetup-job-temp-allocator-block-size-background=1048576"
    "memorysetup-job-temp-allocator-reduction-small-platforms=262144"
    "memorysetup-allocator-temp-initial-block-size-main=262144"
    "memorysetup-allocator-temp-initial-block-size-worker=262144"
    "memorysetup-temp-allocator-size-background-worker=32768"
    "memorysetup-temp-allocator-size-job-worker=262144"
    "memorysetup-temp-allocator-size-preload-manager=33554432"
    "memorysetup-temp-allocator-size-nav-mesh-worker=65536"
    "memorysetup-temp-allocator-size-audio-worker=65536"
    "memorysetup-temp-allocator-size-cloud-worker=32768"
    "memorysetup-temp-allocator-size-gi-baking-worker=262144"
    "memorysetup-temp-allocator-size-gfx=262144"
Player connection [8364019520]  Target information:

Player connection [8364019520]  * "[IP] 192.168.86.25 [Port] 0 [Flags] 2 [Guid] 1127137781 [EditorId] 1127137781 [Version] 1048832 [Id] OSXEditor(0,nigels-air.lan) [Debug] 1 [PackageName] OSXEditor [ProjectName] Editor" 

Player connection [8364019520] Host joined multi-casting on [225.0.0.222:54997]...
Player connection [8364019520] Host joined alternative multi-casting on [225.0.0.222:34997]...
Input System module state changed to: Initialized.
[PhysX] Initialized MultithreadedTaskDispatcher with 8 workers.
Refreshing native plugins compatible for Editor in 20.38 ms, found 2 plugins.
Preloading 0 native plugins for Editor in 0.00 ms.
Initialize engine version: 2022.3.62f2 (7670c08855a9)
[Subsystems] Discovering subsystems at path /Applications/Unity/Hub/Editor/2022.3.62f2/Unity.app/Contents/Resources/UnitySubsystems
[Subsystems] Discovering subsystems at path /Users/nigelmorris/Documents/GitHub/Show-2026/Assets
GfxDevice: creating device client; threaded=0; jobified=0
 preferred device: Apple M1 (high power)
Metal devices available: 1
0: Apple M1 (high power)
Using device Apple M1 (high power)
Initializing Metal device caps: Apple M1
Initialize mono
Mono path[0] = '/Applications/Unity/Hub/Editor/2022.3.62f2/Unity.app/Contents/Managed'
Mono path[1] = '/Applications/Unity/Hub/Editor/2022.3.62f2/Unity.app/Contents/MonoBleedingEdge/lib/mono/unityjit-macos'
Mono config path = '/Applications/Unity/Hub/Editor/2022.3.62f2/Unity.app/Contents/MonoBleedingEdge/etc'
Using monoOptions --debugger-agent=transport=dt_socket,embedding=1,server=y,suspend=n,address=127.0.0.1:56493
Begin MonoManager ReloadAssembly
Registering precompiled unity dll's ...
Register platform support module: /Applications/Unity/Hub/Editor/2022.3.62f2/Unity.app/Contents/PlaybackEngines/MacStandaloneSupport/UnityEditor.OSXStandalone.Extensions.dll
Registered in 0.000958 seconds.
- Loaded All Assemblies, in  0.292 seconds
Native extension for OSXStandalone target not found
Mono: successfully reloaded assembly
- Finished resetting the current domain, in  0.176 seconds
Domain Reload Profiling: 468ms
	BeginReloadAssembly (95ms)
		ExecutionOrderSort (0ms)
		DisableScriptedObjects (0ms)
		BackupInstance (0ms)
		ReleaseScriptingObjects (0ms)
		CreateAndSetChildDomain (1ms)
	RebuildCommonClasses (29ms)
	RebuildNativeTypeToScriptingClass (9ms)
	initialDomainReloadingComplete (39ms)
	LoadAllAssembliesAndSetupDomain (119ms)
		LoadAssemblies (95ms)
		RebuildTransferFunctionScriptingTraits (0ms)
		AnalyzeDomain (118ms)
			TypeCache.Refresh (117ms)
				TypeCache.ScanAssembly (103ms)
			ScanForSourceGeneratedMonoScriptInfo (0ms)
			ResolveRequiredComponents (0ms)
	FinalizeReload (177ms)
		ReleaseScriptCaches (0ms)
		RebuildScriptCaches (0ms)
		SetupLoadedEditorAssemblies (140ms)
			LogAssemblyErrors (0ms)
			InitializePlatformSupportModulesInManaged (6ms)
			SetLoadedEditorAssemblies (5ms)
			RefreshPlugins (0ms)
			BeforeProcessingInitializeOnLoad (1ms)
			ProcessInitializeOnLoadAttributes (96ms)
			ProcessInitializeOnLoadMethodAttributes (32ms)
			AfterProcessingInitializeOnLoad (0ms)
			EditorAssembliesLoaded (0ms)
		ExecutionOrderSort2 (0ms)
		AwakeInstancesAfterBackupRestoration (0ms)
========================================================================
Worker process is ready to serve import requests
Caller must complete domain reload
Begin MonoManager ReloadAssembly
- Loaded All Assemblies, in  0.743 seconds
Native extension for OSXStandalone target not found
Package Manager log level set to [2]
[Package Manager] Server::EnsureServerProcessIsRunning -- launch failed, reason: Unity was launched with the -noUpm command-line argument
[Package Manager] UpmClient::Send -- Unable to send message (not connected to UPM process).
[Package Manager] Cannot connect to Unity Package Manager local server
Mono: successfully reloaded assembly
- Finished resetting the current domain, in  1.082 seconds
Domain Reload Profiling: 1827ms
	BeginReloadAssembly (86ms)
		ExecutionOrderSort (0ms)
		DisableScriptedObjects (3ms)
		BackupInstance (0ms)
		ReleaseScriptingObjects (0ms)
		CreateAndSetChildDomain (19ms)
	RebuildCommonClasses (29ms)
	RebuildNativeTypeToScriptingClass (9ms)
	initialDomainReloadingComplete (24ms)
	LoadAllAssembliesAndSetupDomain (596ms)
		LoadAssemblies (346ms)
		RebuildTransferFunctionScriptingTraits (0ms)
		AnalyzeDomain (285ms)
			TypeCache.Refresh (243ms)
				TypeCache.ScanAssembly (202ms)
			ScanForSourceGeneratedMonoScriptInfo (28ms)
			ResolveRequiredComponents (13ms)
	FinalizeReload (1083ms)
		ReleaseScriptCaches (0ms)
		RebuildScriptCaches (0ms)
		SetupLoadedEditorAssemblies (897ms)
			LogAssemblyErrors (0ms)
			InitializePlatformSupportModulesInManaged (3ms)
			SetLoadedEditorAssemblies (3ms)
			RefreshPlugins (0ms)
			BeforeProcessingInitializeOnLoad (65ms)
			ProcessInitializeOnLoadAttributes (561ms)
			ProcessInitializeOnLoadMethodAttributes (263ms)
			AfterProcessingInitializeOnLoad (1ms)
			EditorAssembliesLoaded (0ms)
		ExecutionOrderSort2 (0ms)
		AwakeInstancesAfterBackupRestoration (2ms)
WARNING: Shader Unsupported: 'FlatKit/Stylized Surface With Outline' - All subshaders removed
WARNING: Shader Did you use #pragma only_renderers and omit this platform?
WARNING: Shader If subshaders removal was intentional, you may have forgotten turning Fallback off?
WARNING: Shader Unsupported: 'FlatKit/Stylized Surface With Outline' - All subshaders removed
WARNING: Shader Did you use #pragma only_renderers and omit this platform?
WARNING: Shader If subshaders removal was intentional, you may have forgotten turning Fallback off?
WARNING: Shader Unsupported: 'Universal Render Pipeline/VR/SpatialMapping/Wireframe' - All subshaders removed
WARNING: Shader Did you use #pragma only_renderers and omit this platform?
WARNING: Shader If subshaders removal was intentional, you may have forgotten turning Fallback off?
WARNING: Shader Unsupported: 'Universal Render Pipeline/VR/SpatialMapping/Wireframe' - All subshaders removed
WARNING: Shader Did you use #pragma only_renderers and omit this platform?
WARNING: Shader If subshaders removal was intentional, you may have forgotten turning Fallback off?
Launching external process: /Applications/Unity/Hub/Editor/2022.3.62f2/Unity.app/Contents/Tools/UnityShaderCompiler
Launched and connected shader compiler UnityShaderCompiler after 0.17 seconds
Refreshing native plugins compatible for Editor in 1.33 ms, found 2 plugins.
Preloading 0 native plugins for Editor in 0.00 ms.
Unloading 7471 Unused Serialized files (Serialized files now loaded: 0)
Unloading 49 unused Assets / (8.3 MB). Loaded Objects now: 7927.
Memory consumption went from 387.5 MB to 379.2 MB.
Total: 6.275625 ms (FindLiveObjects: 0.661167 ms CreateObjectMapping: 0.182416 ms MarkObjects: 3.885167 ms  DeleteObjects: 1.546167 ms)

AssetImportParameters requested are different than current active one (requested -> active):
  custom:container-demuxer-ogg: 62fdf1f143b41e24485cea50d1cbac27 -> 
  custom:container-muxer-webm: aa71ff27fc2769a1b78a27578f13a17b -> 
  custom:video-decoder-webm-vp8: 9c59270c3fd7afecdb556c50c9e8de78 -> 
  custom:SearchIndexIgnoredProperties: e643bd26f0fe6173181afceb89e7c659 -> 
  custom:AudioImporter_EditorPlatform: 3918e3fc78b5a79bad01e8451be0beb8 -> 
  custom:audio-decoder-ogg-vorbis: bf7c407c2cedff20999df2af8eb42d56 -> 
  custom:audio-encoder-webm-vorbis: bf7c407c2cedff20999df2af8eb42d56 -> 
  custom:video-decoder-ogg-theora: a1e56fd34408186e4bbccfd4996cb3dc -> 
  custom:CustomObjectIndexerAttribute: 72b91833f83ae208fae7752999fa3104 -> 
  custom:container-demuxer-webm: 4f35f7cbe854078d1ac9338744f61a02 -> 
  custom:framework-osx-AVFoundation: e770b220cccbd017edd2c1fefb359320 -> 
  custom:video-encoder-webm-vp8: eb34c28f22e8b96e1ab97ce403110664 -> 
========================================================================
Received Import Request.
  Time since last request: 1685560.296877 seconds.
  path: Assets/TextMesh Pro
  artifactKey: Guid(f54d1bd14bd3ca042bd867b519fee8cc) Importer(815301076,1909f56bfc062723c751e8b465ee728b)
Start importing Assets/TextMesh Pro using Guid(f54d1bd14bd3ca042bd867b519fee8cc) Importer(815301076,1909f56bfc062723c751e8b465ee728b) [PhysX] Initialized MultithreadedTaskDispatcher with 8 workers.
 -> (artifact id: 'dd6ad478d9966b0e483c01b5bd727387') in 0.001667 seconds
Number of updated asset objects reloaded before import = 0
Number of asset objects unloaded after import = 0
========================================================================
Received Prepare
Caller must complete domain reload
Begin MonoManager ReloadAssembly
[PhysX] Initialized MultithreadedTaskDispatcher with 8 workers.
Thread 0x3240c7000 may have been prematurely finalized
- Loaded All Assemblies, in  1.209 seconds
Native extension for OSXStandalone target not found
[Package Manager] Server::EnsureServerProcessIsRunning -- launch failed, reason: Unity was launched with the -noUpm command-line argument
[Package Manager] UpmClient::Send -- Unable to send message (not connected to UPM process).
[Package Manager] Cannot connect to Unity Package Manager local server
Mono: successfully reloaded assembly
- Finished resetting the current domain, in  1.608 seconds
Domain Reload Profiling: 2818ms
	BeginReloadAssembly (704ms)
		ExecutionOrderSort (0ms)
		DisableScriptedObjects (9ms)
		BackupInstance (0ms)
		ReleaseScriptingObjects (0ms)
		CreateAndSetChildDomain (125ms)
	RebuildCommonClasses (50ms)
	RebuildNativeTypeToScriptingClass (10ms)
	initialDomainReloadingComplete (26ms)
	LoadAllAssembliesAndSetupDomain (418ms)
		LoadAssemblies (746ms)
		RebuildTransferFunctionScriptingTraits (0ms)
		AnalyzeDomain (97ms)
			TypeCache.Refresh (33ms)
				TypeCache.ScanAssembly (15ms)
			ScanForSourceGeneratedMonoScriptInfo (51ms)
			ResolveRequiredComponents (13ms)
	FinalizeReload (1609ms)
		ReleaseScriptCaches (0ms)
		RebuildScriptCaches (0ms)
		SetupLoadedEditorAssemblies (660ms)
			LogAssemblyErrors (0ms)
			InitializePlatformSupportModulesInManaged (3ms)
			SetLoadedEditorAssemblies (4ms)
			RefreshPlugins (0ms)
			BeforeProcessingInitializeOnLoad (67ms)
			ProcessInitializeOnLoadAttributes (321ms)
			ProcessInitializeOnLoadMethodAttributes (265ms)
			AfterProcessingInitializeOnLoad (1ms)
			EditorAssembliesLoaded (0ms)
		ExecutionOrderSort2 (0ms)
		AwakeInstancesAfterBackupRestoration (15ms)
WARNING: Shader Unsupported: 'FlatKit/Stylized Surface With Outline' - All subshaders removed
WARNING: Shader Did you use #pragma only_renderers and omit this platform?
WARNING: Shader If subshaders removal was intentional, you may have forgotten turning Fallback off?
WARNING: Shader Unsupported: 'FlatKit/Stylized Surface With Outline' - All subshaders removed
WARNING: Shader Did you use #pragma only_renderers and omit this platform?
WARNING: Shader If subshaders removal was intentional, you may have forgotten turning Fallback off?
WARNING: Shader Unsupported: 'Universal Render Pipeline/VR/SpatialMapping/Wireframe' - All subshaders removed
WARNING: Shader Did you use #pragma only_renderers and omit this platform?
WARNING: Shader If subshaders removal was intentional, you may have forgotten turning Fallback off?
WARNING: Shader Unsupported: 'Universal Render Pipeline/VR/SpatialMapping/Wireframe' - All subshaders removed
WARNING: Shader Did you use #pragma only_renderers and omit this platform?
WARNING: Shader If subshaders removal was intentional, you may have forgotten turning Fallback off?
Refreshing native plugins compatible for Editor in 1.08 ms, found 2 plugins.
Preloading 0 native plugins for Editor in 0.00 ms.
Unloading 7280 Unused Serialized files (Serialized files now loaded: 0)
Unloading 42 unused Assets / (8.3 MB). Loaded Objects now: 8046.
Memory consumption went from 330.0 MB to 321.7 MB.
Total: 5.242167 ms (FindLiveObjects: 0.269083 ms CreateObjectMapping: 0.101083 ms MarkObjects: 3.412333 ms  DeleteObjects: 1.458584 ms)

Prepare: number of updated asset objects reloaded= 0
AssetImportParameters requested are different than current active one (requested -> active):
  custom:scripting/monoscript/fileName/Spline.cs: 25a82e61323ba0f0ae059bb89ce873b9 -> 5b11a3b0b1f1c2707aa8e32e3f5ebab7
  custom:container-demuxer-ogg: 62fdf1f143b41e24485cea50d1cbac27 -> 
  custom:scripting/monoscript/fileName/SplineTool.cs: 47ba0df7aeccc72ba880f66f2edc7f43 -> 
  custom:scripting/monoscript/fileName/SplineKnotIndex.cs: 9a40d3632f28d7b302f258d0973af1cb -> 
  custom:scripting/monoscript/fileName/SplinePath.cs: 53369979b1daec1a805ffc17c08cc65b -> 
  custom:scripting/monoscript/fileName/SplineDataHandleAttribute.cs: 4128929e9366b76b0be75f084affecb5 -> 
  custom:scripting/monoscript/fileName/ISplineProvider.cs: 1e943a23c9791b0bd22cd0693db1b21d -> 
  custom:scripting/monoscript/fileName/SplineExtrude.cs: f032e746385050d80d4fa454d18e32d1 -> 
  custom:scripting/monoscript/fileName/SplinePropertyDrawer.cs: fdac6b72abbe92e95d179ac7348c2453 -> 
  custom:scripting/monoscript/fileName/SplineIndexPropertyDrawer.cs: 93f9015c0268d8b5140904a197601701 -> 
  custom:scripting/monoscript/fileName/SplineGUIUtility.cs: f2d96f82bba27ef57d4bddea6fe51774 -> 
  custom:scripting/monoscript/fileName/SplineContainer.cs: 8a565413c8321cce87a60236044cc9c0 -> 
  custom:scripting/monoscript/fileName/SplineSlice.cs: 90647cc400823b41df847a6cbfc29026 -> 
  custom:scripting/precompiled-assembly-types:Unity.Splines: 7f42e5354e212708565c489ccca59099 -> 
  custom:scripting/monoscript/fileName/TransformOperation.cs: 631eae51ca2ce34bf7763f34c11a5af3 -> 
  custom:scripting/monoscript/fileName/SelectionContext.cs: 2e8b8838bfe3ac838347ff9a74b944cb -> 
  custom:scripting/monoscript/fileName/SplineHandles.cs: 72bcd137cabd7cda4c88a46991596973 -> 
  custom:scripting/monoscript/fileName/SplineInstantiateEditor.cs: 10666692bad19b40f76a9ef3bb6a58ae -> 
  custom:scripting/monoscript/fileName/ISplineContainer.cs: 5493a14ab33b48b49ad1d05c3c0a2a0a -> 
  custom:scripting/monoscript/fileName/Separator.cs: 366d50430bd1c303346693ae3c8089a6 -> 
  custom:container-muxer-webm: aa71ff27fc2769a1b78a27578f13a17b -> 
  custom:video-decoder-webm-vp8: 9c59270c3fd7afecdb556c50c9e8de78 -> 
  custom:scripting/monoscript/fileName/KnotHandles.cs: 3d3bf0d75b842842ff670ccf0a1343ae -> 
  custom:scripting/monoscript/fileName/SplineHandleSettingsWindow.cs: 869faaa2aa6cb0f4bf2248e58be35d01 -> 
  custom:scripting/monoscript/fileName/Interpolators.cs: 8ce223f2a85cbece7ae58ceacdeecfc6 -> 
  custom:SearchIndexIgnoredProperties: e643bd26f0fe6173181afceb89e7c659 -> 
  custom:AudioImporter_EditorPlatform: 3918e3fc78b5a79bad01e8451be0beb8 -> 
  custom:scripting/monoscript/fileName/PathSettings.cs: da67e7bd285e3f10eb5af18c166eba5c -> 
  custom:scripting/monoscript/fileName/CommonElementDrawer.cs: 94c3c4410a1add232dd8f17fea571d11 -> 
  custom:scripting/monoscript/fileName/SplineMath.cs: 090e3aefc0ba4cabc47ffd47019707c7 -> 
  custom:scripting/monoscript/fileName/SerializedPropertyUtility.cs: c30be014c111ceaf2526cbe97d0ef88f -> 00b230383132877f7e3bf77713482b9d
  custom:scripting/monoscript/fileName/SplineDataPropertyDrawer.cs: 19a136281936d2d756e60ea53fc2bc6f -> 
  custom:scripting/monoscript/fileName/SplineAnimateEditor.cs: 8f5a6c44858eb1e304e33632f23b79b6 -> 
  custom:scripting/monoscript/fileName/NativeSpline.cs: 1ba267186b09fe1c5f16d72dc56198a0 -> 
  custom:scripting/monoscript/fileName/TangentModePropertyField.cs: 90647cc400823b41df847a6cbfc29026 -> 
  custom:scripting/monoscript/fileName/SplineModificationData.cs: e9418c3879c50baba607eeb44bdc6d19 -> 
  custom:scripting/monoscript/fileName/KnotPropertyDrawer.cs: 16ba20371784773d586e90542e1df51d -> 
  custom:scripting/monoscript/fileName/SplineScaleTool.cs: 4fc5b3a0983d82ea08ce487a32036ccb -> 
  custom:audio-decoder-ogg-vorbis: bf7c407c2cedff20999df2af8eb42d56 -> 
  custom:scripting/monoscript/fileName/SplineContainerEditor.cs: 868c2b682535f30c005e97b14f5f88ae -> 
  custom:scripting/monoscript/fileName/SplineReorderableList.cs: 9204d87a057ca414cf2d3a31bff9ed77 -> 
  custom:scripting/monoscript/fileName/SplineComponentEditor.cs: dabd2ced837941d48983ea125af1936d -> 
  custom:scripting/monoscript/fileName/SplineJobs.cs: dd63a5726c963aefae4fc0c7c15c1d99 -> 
  custom:scripting/monoscript/fileName/SplineDataHandles.cs: fba403a4092c796c2d2d5398e4f7f7e4 -> 
  custom:scripting/monoscript/fileName/SplineActionZone.cs: 0993f7312d09d1f8bb29e9e246467039 -> 
  custom:scripting/monoscript/fileName/BezierCurve.cs: 69324786c2104dd36e72b5106af9348a -> 
  custom:scripting/monoscript/fileName/SplineInfo.cs: edea2d63685ffa25f40cd986216b1b3a -> 
  custom:scripting/monoscript/fileName/EditorSplineGizmos.cs: 75a8fe76b4feb324641ecad539b467d7 -> 
  custom:scripting/monoscript/fileName/KnotPlacementTool.cs: 044fed48c62a0ad5945fd9dc3600186f -> 
  custom:scripting/monoscript/fileName/SplineRotateTool.cs: 5cbd05547a7681f42bd9b5407b5e0725 -> 
  custom:audio-encoder-webm-vorbis: bf7c407c2cedff20999df2af8eb42d56 -> 
  custom:scripting/monoscript/fileName/SplineDataDictionary.cs: 0cdf409b5aa8d4c25876d72b5c6a3b60 -> 
  custom:scripting/monoscript/fileName/Float3PropertyField.cs: 90647cc400823b41df847a6cbfc29026 -> 
  custom:scripting/monoscript/fileName/SplineExtrudeUtility.cs: 455d412addf7c5d56ffde93ca840c43e -> 
  custom:scripting/monoscript/fileName/SplineRange.cs: 22d408e4de9e92ff2ea181f5847144bf -> 
  custom:scripting/monoscript/fileName/IExtrudeShape.cs: be88ddce6e2fe37015dbc60f532891b4 -> 
  custom:scripting/monoscript/fileName/SplineElementRectSelector.cs: 93c22dec791982ffd0838387cdc0f8f6 -> 
  custom:scripting/monoscript/fileName/PropertyAttributes.cs: de759a0b72388905250b493a81980d94 -> f9be6ff8022c2b7e9364b782f234d192
  custom:scripting/monoscript/fileName/SplineUtility.cs: 749c6488c47b5dbd709c328d7789bf03 -> 83a8106c3f9667d93d0e6a3e5de40f5b
  custom:scripting/monoscript/fileName/KnotReorderableList.cs: 4fac017231682dc7adc505165f449702 -> 
  custom:scripting/monoscript/fileName/DataPoint.cs: 4cad2d3c1ece8fc365d0555465b1961f -> 
  custom:scripting/monoscript/fileName/SplineHandleSettingsDropdown.cs: 31a4628b81862b5dbad7602a10161d99 -> 
  custom:scripting/monoscript/fileName/SplineType.cs: ba9e45355bcf577c3bbd4263798082fd -> 
  custom:scripting/monoscript/fileName/TangentHandles.cs: 9f202d5c4b3a2eca704dd44d3af0860a -> 
  custom:scripting/monoscript/fileName/TangentDrawer.cs: cf8696b8c126ca2f95f4ae72a9a07267 -> 
  custom:video-decoder-ogg-theora: a1e56fd34408186e4bbccfd4996cb3dc -> 
  custom:scripting/monoscript/fileName/SplineMenu.cs: 845e32854e31dfef0e274800ec302aa0 -> 
  custom:scripting/monoscript/fileName/PathIcons.cs: 493e822337ec33d77af7f150fba7f344 -> 
  custom:scripting/monoscript/fileName/DirectManipulation.cs: 3af6e5221c2acfb124bb98e192637b98 -> 
  custom:scripting/monoscript/fileName/EmbeddedSplineData.cs: 1455580152760a37c41c7b4078a9fcfe -> 
  custom:scripting/monoscript/fileName/SplineFactory.cs: 27de07ef4c2fb219d34cfb71db94b633 -> 
  custom:scripting/monoscript/fileName/SplineSelectionUtility.cs: d15f0aebd792e21c2305da367bc68a4e -> 
  custom:scripting/monoscript/fileName/ISpline.cs: 430260c6fd773a589311a954f660ceaa -> 
  custom:scripting/monoscript/fileName/CopyPaste.cs: e236a30064be7a4005db16c1b128495a -> 
  custom:scripting/monoscript/fileName/SplineCacheUtility.cs: bf68717557258a16663a2e915c91b6f9 -> 
  custom:scripting/monoscript/fileName/KnotPlacementData.cs: e230ac03464dccb1245adc376543b798 -> 
  custom:CustomObjectIndexerAttribute: 72b91833f83ae208fae7752999fa3104 -> 
  custom:scripting/monoscript/fileName/SplineHandleSettings.cs: d6a01126553dfd50f46987a8ddd829ab -> 
  custom:scripting/monoscript/fileName/BezierTangentPropertyField.cs: 90647cc400823b41df847a6cbfc29026 -> 
  custom:scripting/monoscript/fileName/BezierKnotDrawer.cs: 500d18e0241c7a409dbd5f008973df9f -> 
  custom:scripting/monoscript/fileName/InterpolatorsUtility.cs: 6f4dae8370d1ad9c4da2193025b76b01 -> 
  custom:scripting/monoscript/fileName/SplineMeshHandle.cs: 0cdf409b5aa8d4c25876d72b5c6a3b60 -> 
  custom:scripting/monoscript/fileName/SplineInstantiate.cs: 615e534879114f90ed203f44f811c8f3 -> 
  custom:container-demuxer-webm: 4f35f7cbe854078d1ac9338744f61a02 -> 
  custom:scripting/monoscript/fileName/TangentPropertyField.cs: a21abbbe5209379207f155a26dc6029e -> 
  custom:scripting/monoscript/fileName/ArrayUtility.cs: 3088d9818e238793f00ab0fdaa405718 -> 
  custom:scripting/monoscript/fileName/SplineDataHandle.cs: 8de38f6ab59eb821951cc5fedb2f2799 -> 
  custom:scripting/monoscript/fileName/EditorSplineUtility.cs: 4c925e600083d36b078f51a7f1c541cb -> 
  custom:scripting/monoscript/fileName/SplineInspectorOverlay.cs: 2d259fca05cbdabc70a0de86c8e6f3be -> 
  custom:scripting/monoscript/fileName/SplineDataConversionWindow.cs: 7a02d67d9e51e58e04236711309af7b5 -> 
  custom:scripting/monoscript/fileName/SplineInfoPropertyDrawer.cs: 255f3c0d9dcd72176ffa782987302ada -> 
  custom:scripting/monoscript/fileName/SplineSelection.cs: 496f087aa0458280a9ef9fb4efc71862 -> 
  custom:scripting/monoscript/fileName/RamerDouglasPeucker.cs: 0cdf409b5aa8d4c25876d72b5c6a3b60 -> 
  custom:scripting/monoscript/fileName/SplineElement.cs: f47346400918c38e243894aa0ae78add -> 
  custom:scripting/monoscript/fileName/SplineGizmoUtility.cs: 4bd0c10090d95d8ee942862bc4f8018c -> 
  custom:scripting/monoscript/fileName/SplineExtrudeEditor.cs: 97d2df9faaf727a205caea683249927f -> 
  custom:scripting/monoscript/fileName/ElementDrawer.cs: 084584c6f80cb91222c0d6c7107f470d -> 
  custom:scripting/monoscript/fileName/SplineToolContext.cs: 8d3805c41ed50ba0bc801f8a34e18c69 -> 
  custom:scripting/monoscript/fileName/ElementInspector.cs: 502721066b4ba9a0c3a2983db83fd2e9 -> 
  custom:scripting/monoscript/fileName/MathUtility.cs: ebc152632a9f257b68607376f90b1f9d -> 
  custom:scripting/monoscript/fileName/SplineMoveTool.cs: eceb5e8b3ecd123003cbdf2880a832ce -> 
  custom:scripting/monoscript/fileName/SplineHandleUtility.cs: 3d10bd65261fb1bc61d3f5a52580ea1b -> 
  custom:scripting/monoscript/fileName/KnotLinkCollection.cs: 64343ebecea77051c9e990af7bace8a8 -> 
  custom:scripting/monoscript/fileName/SplineAnimate.cs: 9d1e11bccdcd78ce4442eb4b48db6007 -> 
  custom:scripting/monoscript/fileName/HandleRotationDropdown.cs: 49986f1e1b938db1b4390d2163b3ec6e -> 
  custom:scripting/monoscript/fileName/SplineDataReorderableListUtility.cs: b46d23cd8db7303c9cc7641b1a4199b6 -> 
  custom:framework-osx-AVFoundation: e770b220cccbd017edd2c1fefb359320 -> 
  custom:scripting/monoscript/fileName/CreateSplineTool.cs: a523e8ee969f23bb81cf4ab4265d9985 -> 
  custom:scripting/monoscript/fileName/SplineDataDictionaryPropertyDrawer.cs: ac7594030b8a2f3d2458d27def9d1f60 -> 
  custom:scripting/monoscript/fileName/DefaultKnotTypeDropdown.cs: dc4ad43ec6ba27394b2426158ac95cd6 -> 
  custom:video-encoder-webm-vp8: eb34c28f22e8b96e1ab97ce403110664 -> 
  custom:scripting/monoscript/fileName/SplineGUI.cs: 33954865f1f1c134c54bd6f6f205a318 -> 
  custom:scripting/monoscript/fileName/SplineShaderUtility.cs: 90647cc400823b41df847a6cbfc29026 -> 
  custom:scripting/monoscript/fileName/BezierKnot.cs: 8207e0c17dc7489f66f45c83176ae727 -> 
  custom:scripting/monoscript/fileName/CurveUtility.cs: 89520e2d69340fc89901dc80e2411618 -> 
  custom:scripting/precompiled-assembly-types:Unity.Splines.Editor: b2f221018629371262a4fe1c44c5c65c -> 
  custom:scripting/monoscript/fileName/SplineData.cs: 41b07aaae3e5551c94d08d63750c8446 -> 
  custom:scripting/monoscript/fileName/SplineComponent.cs: 0c279a8bcf3d542a58161328eeeb7949 -> 
  custom:scripting/monoscript/fileName/CurveHandles.cs: 5ba191a70c76b6a7d16ce1c1240d3f84 -> 
  custom:scripting/monoscript/fileName/SplineMesh.cs: 1166bad4d544fb592b98eb2647f490ec -> 
  custom:scripting/monoscript/fileName/EmbeddedSplineDataPropertyDrawer.cs: cb4a1b3bd86d9baf6bde3437d125d8b1 -> 
  custom:scripting/monoscript/fileName/ReadOnlyField.cs: 2036a002e2607312b5f467f37cd5c03d -> 
========================================================================
Received Prepare
Caller must complete domain reload
Begin MonoManager ReloadAssembly
[PhysX] Initialized MultithreadedTaskDispatcher with 8 workers.
Thread 0x16fb2b000 may have been prematurely finalized
- Loaded All Assemblies, in  0.605 seconds
Native extension for OSXStandalone target not found
[Package Manager] Server::EnsureServerProcessIsRunning -- launch failed, reason: Unity was launched with the -noUpm command-line argument
[Package Manager] UpmClient::Send -- Unable to send message (not connected to UPM process).
[Package Manager] Cannot connect to Unity Package Manager local server
Mono: successfully reloaded assembly
- Finished resetting the current domain, in  1.892 seconds
Domain Reload Profiling: 2498ms
	BeginReloadAssembly (177ms)
		ExecutionOrderSort (0ms)
		DisableScriptedObjects (4ms)
		BackupInstance (0ms)
		ReleaseScriptingObjects (0ms)
		CreateAndSetChildDomain (59ms)
	RebuildCommonClasses (34ms)
	RebuildNativeTypeToScriptingClass (10ms)
	initialDomainReloadingComplete (26ms)
	LoadAllAssembliesAndSetupDomain (359ms)
		LoadAssemblies (347ms)
		RebuildTransferFunctionScriptingTraits (0ms)
		AnalyzeDomain (89ms)
			TypeCache.Refresh (29ms)
				TypeCache.ScanAssembly (2ms)
			ScanForSourceGeneratedMonoScriptInfo (46ms)
			ResolveRequiredComponents (13ms)
	FinalizeReload (1893ms)
		ReleaseScriptCaches (0ms)
		RebuildScriptCaches (0ms)
		SetupLoadedEditorAssemblies (811ms)
			LogAssemblyErrors (0ms)
			InitializePlatformSupportModulesInManaged (3ms)
			SetLoadedEditorAssemblies (4ms)
			RefreshPlugins (0ms)
			BeforeProcessingInitializeOnLoad (68ms)
			ProcessInitializeOnLoadAttributes (382ms)
			ProcessInitializeOnLoadMethodAttributes (354ms)
			AfterProcessingInitializeOnLoad (1ms)
			EditorAssembliesLoaded (0ms)
		ExecutionOrderSort2 (0ms)
		AwakeInstancesAfterBackupRestoration (13ms)
WARNING: Shader Unsupported: 'FlatKit/Stylized Surface With Outline' - All subshaders removed
WARNING: Shader Did you use #pragma only_renderers and omit this platform?
WARNING: Shader If subshaders removal was intentional, you may have forgotten turning Fallback off?
WARNING: Shader Unsupported: 'FlatKit/Stylized Surface With Outline' - All subshaders removed
WARNING: Shader Did you use #pragma only_renderers and omit this platform?
WARNING: Shader If subshaders removal was intentional, you may have forgotten turning Fallback off?
WARNING: Shader Unsupported: 'Universal Render Pipeline/VR/SpatialMapping/Wireframe' - All subshaders removed
WARNING: Shader Did you use #pragma only_renderers and omit this platform?
WARNING: Shader If subshaders removal was intentional, you may have forgotten turning Fallback off?
WARNING: Shader Unsupported: 'Universal Render Pipeline/VR/SpatialMapping/Wireframe' - All subshaders removed
WARNING: Shader Did you use #pragma only_renderers and omit this platform?
WARNING: Shader If subshaders removal was intentional, you may have forgotten turning Fallback off?
Refreshing native plugins compatible for Editor in 2.37 ms, found 2 plugins.
Preloading 0 native plugins for Editor in 0.00 ms.
Unloading 7297 Unused Serialized files (Serialized files now loaded: 0)
Unloading 44 unused Assets / (8.9 MB). Loaded Objects now: 8066.
Memory consumption went from 335.8 MB to 326.9 MB.
Total: 8.602041 ms (FindLiveObjects: 0.660333 ms CreateObjectMapping: 0.096959 ms MarkObjects: 6.132541 ms  DeleteObjects: 1.711542 ms)

Prepare: number of updated asset objects reloaded= 0
AssetImportParameters requested are different than current active one (requested -> active):
  custom:scripting/monoscript/fileName/Spline.cs: 25a82e61323ba0f0ae059bb89ce873b9 -> 5b11a3b0b1f1c2707aa8e32e3f5ebab7
  custom:container-demuxer-ogg: 62fdf1f143b41e24485cea50d1cbac27 -> 
  custom:scripting/monoscript/fileName/SplineTool.cs: 47ba0df7aeccc72ba880f66f2edc7f43 -> 
  custom:scripting/monoscript/fileName/SplineKnotIndex.cs: 9a40d3632f28d7b302f258d0973af1cb -> 
  custom:scripting/monoscript/fileName/SplinePath.cs: 53369979b1daec1a805ffc17c08cc65b -> 
  custom:scripting/monoscript/fileName/SplineDataHandleAttribute.cs: 4128929e9366b76b0be75f084affecb5 -> 
  custom:scripting/monoscript/fileName/ISplineProvider.cs: 1e943a23c9791b0bd22cd0693db1b21d -> 
  custom:scripting/monoscript/fileName/SplineExtrude.cs: f032e746385050d80d4fa454d18e32d1 -> 
  custom:scripting/monoscript/fileName/SplinePropertyDrawer.cs: fdac6b72abbe92e95d179ac7348c2453 -> 
  custom:scripting/monoscript/fileName/SplineIndexPropertyDrawer.cs: 93f9015c0268d8b5140904a197601701 -> 
  custom:scripting/monoscript/fileName/SplineGUIUtility.cs: f2d96f82bba27ef57d4bddea6fe51774 -> 
  custom:scripting/monoscript/fileName/SplineContainer.cs: 8a565413c8321cce87a60236044cc9c0 -> 
  custom:scripting/monoscript/fileName/SplineSlice.cs: 90647cc400823b41df847a6cbfc29026 -> 
  custom:scripting/precompiled-assembly-types:Unity.Splines: 7f42e5354e212708565c489ccca59099 -> 
  custom:scripting/monoscript/fileName/TransformOperation.cs: 631eae51ca2ce34bf7763f34c11a5af3 -> 
  custom:scripting/monoscript/fileName/SelectionContext.cs: 2e8b8838bfe3ac838347ff9a74b944cb -> 
  custom:scripting/monoscript/fileName/SplineHandles.cs: 72bcd137cabd7cda4c88a46991596973 -> 
  custom:scripting/monoscript/fileName/SplineInstantiateEditor.cs: 10666692bad19b40f76a9ef3bb6a58ae -> 
  custom:scripting/monoscript/fileName/VertexPainter_SculptTab.cs: d0d674bce01553a461e0104fafd94c56 -> 
  custom:scripting/monoscript/fileName/ISplineContainer.cs: 5493a14ab33b48b49ad1d05c3c0a2a0a -> 
  custom:scripting/monoscript/fileName/Separator.cs: 366d50430bd1c303346693ae3c8089a6 -> 
  custom:container-muxer-webm: aa71ff27fc2769a1b78a27578f13a17b -> 
  custom:scripting/monoscript/fileName/VertexPaintStorage.cs: d9488acdedf4d3dce2f091365af0aac8 -> 
  custom:video-decoder-webm-vp8: 9c59270c3fd7afecdb556c50c9e8de78 -> 
  custom:scripting/monoscript/fileName/KnotHandles.cs: 3d3bf0d75b842842ff670ccf0a1343ae -> 
  custom:scripting/monoscript/fileName/SplineHandleSettingsWindow.cs: 869faaa2aa6cb0f4bf2248e58be35d01 -> 
  custom:scripting/monoscript/fileName/Interpolators.cs: 8ce223f2a85cbece7ae58ceacdeecfc6 -> 
  custom:SearchIndexIgnoredProperties: e643bd26f0fe6173181afceb89e7c659 -> 
  custom:AudioImporter_EditorPlatform: 3918e3fc78b5a79bad01e8451be0beb8 -> 
  custom:scripting/monoscript/fileName/PathSettings.cs: da67e7bd285e3f10eb5af18c166eba5c -> 
  custom:scripting/monoscript/fileName/CommonElementDrawer.cs: 94c3c4410a1add232dd8f17fea571d11 -> 
  custom:scripting/monoscript/fileName/MaskPacker.cs: 3c9e182870b77d5eba7a678845f929a2 -> 
  custom:scripting/monoscript/fileName/SplineMath.cs: 090e3aefc0ba4cabc47ffd47019707c7 -> 
  custom:scripting/monoscript/fileName/SerializedPropertyUtility.cs: c30be014c111ceaf2526cbe97d0ef88f -> 00b230383132877f7e3bf77713482b9d
  custom:scripting/monoscript/fileName/RealBlendBoxCreateMode.cs: f2eda800c7a1dc4dc90bddfb275ec86d -> 
  custom:scripting/monoscript/fileName/VertexPainterNoiseModule.cs: efba486fd6ad5475236539ba2066e675 -> 
  custom:scripting/monoscript/fileName/SplineDataPropertyDrawer.cs: 19a136281936d2d756e60ea53fc2bc6f -> 
  custom:scripting/monoscript/fileName/SplineAnimateEditor.cs: 8f5a6c44858eb1e304e33632f23b79b6 -> 
  custom:scripting/monoscript/fileName/NativeSpline.cs: 1ba267186b09fe1c5f16d72dc56198a0 -> 
  custom:scripting/monoscript/fileName/TangentModePropertyField.cs: 90647cc400823b41df847a6cbfc29026 -> 
  custom:scripting/monoscript/fileName/SplineModificationData.cs: e9418c3879c50baba607eeb44bdc6d19 -> 
  custom:scripting/monoscript/fileName/KnotPropertyDrawer.cs: 16ba20371784773d586e90542e1df51d -> 
  custom:scripting/monoscript/fileName/SplineScaleTool.cs: 4fc5b3a0983d82ea08ce487a32036ccb -> 
  custom:audio-decoder-ogg-vorbis: bf7c407c2cedff20999df2af8eb42d56 -> 
  custom:scripting/monoscript/fileName/SplineContainerEditor.cs: 868c2b682535f30c005e97b14f5f88ae -> 
  custom:scripting/monoscript/fileName/SplineReorderableList.cs: 9204d87a057ca414cf2d3a31bff9ed77 -> 
  custom:scripting/monoscript/fileName/SplineComponentEditor.cs: dabd2ced837941d48983ea125af1936d -> 
  custom:scripting/monoscript/fileName/SplineJobs.cs: dd63a5726c963aefae4fc0c7c15c1d99 -> 
  custom:scripting/monoscript/fileName/SplineDataHandles.cs: fba403a4092c796c2d2d5398e4f7f7e4 -> 
  custom:scripting/monoscript/fileName/SplineActionZone.cs: 0993f7312d09d1f8bb29e9e246467039 -> 
  custom:scripting/monoscript/fileName/BezierCurve.cs: 69324786c2104dd36e72b5106af9348a -> 
  custom:scripting/monoscript/fileName/SplineInfo.cs: edea2d63685ffa25f40cd986216b1b3a -> 
  custom:scripting/monoscript/fileName/EditorSplineGizmos.cs: 75a8fe76b4feb324641ecad539b467d7 -> 
  custom:scripting/monoscript/fileName/KnotPlacementTool.cs: 044fed48c62a0ad5945fd9dc3600186f -> 
  custom:scripting/monoscript/fileName/SplineRotateTool.cs: 5cbd05547a7681f42bd9b5407b5e0725 -> 
  custom:audio-encoder-webm-vorbis: bf7c407c2cedff20999df2af8eb42d56 -> 
  custom:scripting/precompiled-assembly-types:Assembly-CSharp-Editor: c0783ef27827d0ab6d98e65a980ce25d -> bd845f5070a419f8e38389b493ddc2fb
  custom:scripting/monoscript/fileName/SplineDataDictionary.cs: 0cdf409b5aa8d4c25876d72b5c6a3b60 -> 
  custom:scripting/monoscript/fileName/Float3PropertyField.cs: 90647cc400823b41df847a6cbfc29026 -> 
  custom:scripting/precompiled-assembly-types:Assembly-CSharp: 5caed5dfd9ecf12af870ffe6cac18872 -> 30e3b0317571a5b3069dc1e5afcedb74
  custom:scripting/monoscript/fileName/SplineExtrudeUtility.cs: 455d412addf7c5d56ffde93ca840c43e -> 
  custom:scripting/monoscript/fileName/SplineRange.cs: 22d408e4de9e92ff2ea181f5847144bf -> 
  custom:scripting/monoscript/fileName/IExtrudeShape.cs: be88ddce6e2fe37015dbc60f532891b4 -> 
  custom:scripting/monoscript/fileName/SplineElementRectSelector.cs: 93c22dec791982ffd0838387cdc0f8f6 -> 
  custom:scripting/monoscript/fileName/PropertyAttributes.cs: de759a0b72388905250b493a81980d94 -> f9be6ff8022c2b7e9364b782f234d192
  custom:scripting/monoscript/fileName/SplineUtility.cs: 749c6488c47b5dbd709c328d7789bf03 -> 83a8106c3f9667d93d0e6a3e5de40f5b
  custom:scripting/monoscript/fileName/KnotReorderableList.cs: 4fac017231682dc7adc505165f449702 -> 
  custom:scripting/monoscript/fileName/VertexPainter_ExtraTabs.cs: b237b8eecb71fdebf0641ad537d4ceb9 -> 
  custom:scripting/monoscript/fileName/RealBlendFloorCreateMode.cs: e5e4ff1f9e65d43a96b44f3badeba064 -> 
  custom:scripting/monoscript/fileName/DataPoint.cs: 4cad2d3c1ece8fc365d0555465b1961f -> 
  custom:scripting/monoscript/fileName/SplineHandleSettingsDropdown.cs: 31a4628b81862b5dbad7602a10161d99 -> 
  custom:scripting/monoscript/fileName/SplineType.cs: ba9e45355bcf577c3bbd4263798082fd -> 
  custom:scripting/monoscript/fileName/TangentHandles.cs: 9f202d5c4b3a2eca704dd44d3af0860a -> 
  custom:scripting/monoscript/fileName/TangentDrawer.cs: cf8696b8c126ca2f95f4ae72a9a07267 -> 
  custom:video-decoder-ogg-theora: a1e56fd34408186e4bbccfd4996cb3dc -> 
  custom:scripting/monoscript/fileName/SplineMenu.cs: 845e32854e31dfef0e274800ec302aa0 -> 
  custom:scripting/monoscript/fileName/PathIcons.cs: 493e822337ec33d77af7f150fba7f344 -> 
  custom:scripting/monoscript/fileName/RealBlendSplineCreateMode.cs: 8a8b6104226402d53aa39c92c362c577 -> 
  custom:scripting/monoscript/fileName/DirectManipulation.cs: 3af6e5221c2acfb124bb98e192637b98 -> 
  custom:scripting/monoscript/fileName/EmbeddedSplineData.cs: 1455580152760a37c41c7b4078a9fcfe -> 
  custom:scripting/monoscript/fileName/SplineFactory.cs: 27de07ef4c2fb219d34cfb71db94b633 -> 
  custom:scripting/monoscript/fileName/RealBlendExperimentalSPOMBounds.cs: d89ac54d1e3c42767b68fb679d00db6f -> 
  custom:scripting/monoscript/fileName/SplineSelectionUtility.cs: d15f0aebd792e21c2305da367bc68a4e -> 
  custom:scripting/monoscript/fileName/ISpline.cs: 430260c6fd773a589311a954f660ceaa -> 
  custom:scripting/monoscript/fileName/CopyPaste.cs: e236a30064be7a4005db16c1b128495a -> 
  custom:scripting/monoscript/fileName/SplineCacheUtility.cs: bf68717557258a16663a2e915c91b6f9 -> 
  custom:scripting/monoscript/fileName/KnotPlacementData.cs: e230ac03464dccb1245adc376543b798 -> 
  custom:CustomObjectIndexerAttribute: 72b91833f83ae208fae7752999fa3104 -> 
  custom:scripting/monoscript/fileName/SplineHandleSettings.cs: d6a01126553dfd50f46987a8ddd829ab -> 
  custom:scripting/monoscript/fileName/BezierTangentPropertyField.cs: 90647cc400823b41df847a6cbfc29026 -> 
  custom:scripting/monoscript/fileName/BezierKnotDrawer.cs: 500d18e0241c7a409dbd5f008973df9f -> 
  custom:scripting/monoscript/fileName/InterpolatorsUtility.cs: 6f4dae8370d1ad9c4da2193025b76b01 -> 
  custom:scripting/monoscript/fileName/SplineMeshHandle.cs: 0cdf409b5aa8d4c25876d72b5c6a3b60 -> 
  custom:scripting/monoscript/fileName/VertexPaintStorageEditor.cs: b3858a65517ba3025ac1bd6badd5b996 -> 
  custom:scripting/monoscript/fileName/SplineInstantiate.cs: 615e534879114f90ed203f44f811c8f3 -> 
  custom:container-demuxer-webm: 4f35f7cbe854078d1ac9338744f61a02 -> 
  custom:scripting/monoscript/fileName/TangentPropertyField.cs: a21abbbe5209379207f155a26dc6029e -> 
  custom:scripting/monoscript/fileName/ArrayUtility.cs: 3088d9818e238793f00ab0fdaa405718 -> 
  custom:scripting/monoscript/fileName/SplineDataHandle.cs: 8de38f6ab59eb821951cc5fedb2f2799 -> 
  custom:scripting/monoscript/fileName/EditorSplineUtility.cs: 4c925e600083d36b078f51a7f1c541cb -> 
  custom:scripting/monoscript/fileName/RealBlend.cs: 94cf3ada1c5b44f0af8a003169c2de22 -> 
  custom:scripting/monoscript/fileName/SplineInspectorOverlay.cs: 2d259fca05cbdabc70a0de86c8e6f3be -> 
  custom:scripting/monoscript/fileName/SplineDataConversionWindow.cs: 7a02d67d9e51e58e04236711309af7b5 -> 
  custom:scripting/monoscript/fileName/SplineInfoPropertyDrawer.cs: 255f3c0d9dcd72176ffa782987302ada -> 
  custom:scripting/monoscript/fileName/SplineSelection.cs: 496f087aa0458280a9ef9fb4efc71862 -> 
  custom:scripting/monoscript/fileName/RamerDouglasPeucker.cs: 0cdf409b5aa8d4c25876d72b5c6a3b60 -> 
  custom:scripting/monoscript/fileName/SplineElement.cs: f47346400918c38e243894aa0ae78add -> 
  custom:scripting/monoscript/fileName/SplineGizmoUtility.cs: 4bd0c10090d95d8ee942862bc4f8018c -> 
  custom:scripting/monoscript/fileName/SplineExtrudeEditor.cs: 97d2df9faaf727a205caea683249927f -> 
  custom:scripting/monoscript/fileName/RealBlendCreationCore.cs: 3bc2082bfabefa8de1abe4d2db22ef69 -> 
  custom:scripting/monoscript/fileName/RealBlendWallCreateMode.cs: 2c0d2526fca3e8847563225063c42098 -> 
  custom:scripting/monoscript/fileName/ElementDrawer.cs: 084584c6f80cb91222c0d6c7107f470d -> 
  custom:scripting/monoscript/fileName/SplineToolContext.cs: 8d3805c41ed50ba0bc801f8a34e18c69 -> 
  custom:scripting/monoscript/fileName/ElementInspector.cs: 502721066b4ba9a0c3a2983db83fd2e9 -> 
  custom:scripting/monoscript/fileName/MathUtility.cs: ebc152632a9f257b68607376f90b1f9d -> 
  custom:scripting/monoscript/fileName/SplineMoveTool.cs: eceb5e8b3ecd123003cbdf2880a832ce -> 
  custom:scripting/monoscript/fileName/SplineHandleUtility.cs: 3d10bd65261fb1bc61d3f5a52580ea1b -> 
  custom:scripting/monoscript/fileName/RealBlendCurvedWallCreateMode.cs: 849818e1bf267eb84055c3c0f9449655 -> 
  custom:scripting/monoscript/fileName/KnotLinkCollection.cs: 64343ebecea77051c9e990af7bace8a8 -> 
  custom:scripting/monoscript/fileName/SplineAnimate.cs: 9d1e11bccdcd78ce4442eb4b48db6007 -> 
  custom:scripting/monoscript/fileName/HandleRotationDropdown.cs: 49986f1e1b938db1b4390d2163b3ec6e -> 
  custom:scripting/monoscript/fileName/SplineDataReorderableListUtility.cs: b46d23cd8db7303c9cc7641b1a4199b6 -> 
  custom:framework-osx-AVFoundation: e770b220cccbd017edd2c1fefb359320 -> 
  custom:scripting/monoscript/fileName/CreateSplineTool.cs: a523e8ee969f23bb81cf4ab4265d9985 -> 
  custom:scripting/monoscript/fileName/SplineDataDictionaryPropertyDrawer.cs: ac7594030b8a2f3d2458d27def9d1f60 -> 
  custom:scripting/monoscript/fileName/DefaultKnotTypeDropdown.cs: dc4ad43ec6ba27394b2426158ac95cd6 -> 
  custom:video-encoder-webm-vp8: eb34c28f22e8b96e1ab97ce403110664 -> 
  custom:scripting/monoscript/fileName/SplineGUI.cs: 33954865f1f1c134c54bd6f6f205a318 -> 
  custom:scripting/monoscript/fileName/SplineShaderUtility.cs: 90647cc400823b41df847a6cbfc29026 -> 
  custom:scripting/monoscript/fileName/BezierKnot.cs: 8207e0c17dc7489f66f45c83176ae727 -> 
  custom:scripting/monoscript/fileName/CurveUtility.cs: 89520e2d69340fc89901dc80e2411618 -> 
  custom:scripting/precompiled-assembly-types:Unity.Splines.Editor: b2f221018629371262a4fe1c44c5c65c -> 
  custom:scripting/monoscript/fileName/SplineData.cs: 41b07aaae3e5551c94d08d63750c8446 -> 
  custom:scripting/monoscript/fileName/SplineComponent.cs: 0c279a8bcf3d542a58161328eeeb7949 -> 
  custom:scripting/monoscript/fileName/CurveHandles.cs: 5ba191a70c76b6a7d16ce1c1240d3f84 -> 
  custom:scripting/monoscript/fileName/SplineMesh.cs: 1166bad4d544fb592b98eb2647f490ec -> 
  custom:scripting/monoscript/fileName/VertexPainter_PaintTab.cs: dfac3da3b237b95a08670dab65770cea -> 
  custom:scripting/monoscript/fileName/EmbeddedSplineDataPropertyDrawer.cs: cb4a1b3bd86d9baf6bde3437d125d8b1 -> 
  custom:scripting/monoscript/fileName/ReadOnlyField.cs: 2036a002e2607312b5f467f37cd5c03d -> 
